Initializing internal stuff ....
Event backend in use: kqueue
WARNING: Platform doesn't support eval limit!
==== LPC Predefines ====
#define FLUFFOS 
#define HAS_DEBUG_LEVEL 
#define HAS_ED 
#define HAS_PRINTF 
#define MAX_FLOAT 179769313486231570814527423731704356798070567525844996598917476803157260780028538760589558632766878171540458953514382464234321326889464182768467546703537516986049910576551282076245490090389328944075868508455133942304583236903222948165808559332123348274797826204144723168738177180919299881250404026184124858368.000000
#define MAX_INT 9223372036854775807
#define MIN_FLOAT 0.000000
#define MIN_INT -9223372036854775808
#define MUDOS 
#define MUD_NAME "XKX100"
#define SIZEOFINT 8
#define __ARCH__ "Mac OS X"
#define __ARGUMENTS_IN_TRACEBACK__ 
#define __ARRAY_STATS__ 
#define __AUTO_SETEUID__ 
#define __CACHE_STATS__ 
#define __CALLOUT_HANDLES__ 
#define __CFG_COMPILER_STACK_SIZE__ 600
#define __CFG_EVALUATOR_STACK_SIZE__ 65536
#define __CFG_LIVING_HASH_SIZE__ 256
#define __CFG_MAX_CALL_DEPTH__ 150
#define __CFG_MAX_GLOBAL_VARIABLES__ 65536
#define __CLASS_STATS__ 
#define __COMMAND_BUF_SIZE__ 2000
#define __COMPILER__ "/Library/Developer/CommandLineTools/usr/bin/c++"
#define __CXXFLAGS__ "Broken"
#define __DEBUG_MACRO__ 
#define __DEFAULT_DB__ 1
#define __DEFAULT_PRAGMAS__ PRAGMA_WARNINGS + PRAGMA_SAVE_TYPES + PRAGMA_ERROR_CONTEXT + PRAGMA_OPTIMIZE
#define __DSLIB__ 
#define __ED_INDENT_SPACES__ 4
#define __ED_TAB_WIDTH__ 8
#define __GET_CHAR_IS_BUFFERED__ 
#define __HAS_CONSOLE__ 
#define __HAVE_DIRENT_H__ 1
#define __HAVE_JEMALLOC__ 1
#define __HAVE_SIGNAL_H__ 1
#define __HAVE_SYS_RESOURCE_H__ 1
#define __HAVE_SYS_STAT_H__ 1
#define __HAVE_SYS_TIME_H__ 1
#define __HAVE_TIME_H__ 1
#define __LARGEST_PRINTABLE_STRING__ 65535
#define __LARGE_STRING_SIZE__ 1000
#define __LOCALS_IN_TRACEBACK__ 
#define __MAX_SAVE_SVALUE_DEPTH__ 100
#define __MUDLIB_ERROR_HANDLER__ 
#define __OLD_ED__ 
#define __PACKAGES_PACKAGES_H__ 
#define __PACKAGE_ASYNC__ 
#define __PACKAGE_COMPRESS__ 
#define __PACKAGE_CONTRIB__ 
#define __PACKAGE_CORE__ 
#define __PACKAGE_CRYPTO__ 
#define __PACKAGE_DB__ 
#define __PACKAGE_DEVELOP__ 
#define __PACKAGE_MATH__ 
#define __PACKAGE_MATRIX__ 
#define __PACKAGE_MUDLIB_STATS__ 
#define __PACKAGE_OPS__ 
#define __PACKAGE_PARSER__ 
#define __PACKAGE_PCRE__ 
#define __PACKAGE_SHA1__ 
#define __PACKAGE_SOCKETS__ 
#define __PACKAGE_TRIM__ 
#define __PACKAGE_UIDS__ 
#define __PARSE_DEBUG__ 
#define __PORT__ 5555
#define __PRIVS__ 
#define __PROJECT_VERSION__ "fluffos v2019.2020101101"
#define __RANDOMIZED_RESETS__ 
#define __RECEIVE_SNOOP__ 
#define __REF_RESERVED_WORD__ 
#define __RESTRICTED_ED__ 
#define __SANE_EXPLODE_STRING__ 
#define __SANE_SORTING__ 
#define __SAVE_EXTENSION__ ".o"
#define __SAVE_GZ_EXTENSION__ ".o.gz"
#define __SENSIBLE_MODIFIERS__ 
#define __SMALL_STRING_SIZE__ 100
#define __STRING_STATS__ 
#define __STRUCT_CLASS__ 
#define __STRUCT_STRUCT__ 
#define __SUPPRESS_ARGUMENT_WARNINGS__ 
#define __THIS_PLAYER_IN_CALL_OUT__ 
#define __TIME_WITH_SYS_TIME__ 1
#define __TRACE__ 
#define __TRAP_CRASHES__ 
#define __USE_32BIT_ADDRESSES__ 
#define __USE_MYSQL__ 1
#define __VERSION__ "fluffos v2019.2020101101"
#define __WARN_OLD_RANGE_BEHAVIOR__ 
========================
Loading simul_efun file : /adm/single/simul_efun
Loading master file: /adm/single/master

Loading preload files ...
/adm/daemons/securityd...
/adm/daemons/virtuald...
/adm/daemons/logind...
/adm/daemons/rankd...
/adm/daemons/commandd...
/adm/daemons/chinesed...
/adm/daemons/emoted...
/adm/daemons/aliasd...
/adm/daemons/fingerd...
/adm/daemons/channeld...
/adm/daemons/natured...
/adm/daemons/updated...
/adm/daemons/autosaved...
/adm/daemons/backupd...
/adm/daemons/questd...
/adm/daemons/crond...
/adm/daemons/personald...
/adm/daemons/shopd...
/adm/daemons/mapd...
/adm/daemons/eventd...
/adm/daemons/pkd...
/adm/daemons/network/dns_master...
Accepting telnet connections on 0.0.0.0:5555.
Initializations complete.

apply() with insufficient permission: 
cob: null, ob: questobj/jinhua#123, function: destruct_me, origin: internal, needs: private, has: hidden 
apply() with insufficient permission: 
cob: null, ob: questobj/yinzhen#224, function: destruct_me, origin: internal, needs: private, has: hidden 
apply() with insufficient permission: 
cob: d/city/npc/youke1#99, ob: d/city/npc/youke1#99, function: command_hook, origin: efun, needs: private, has: hidden 
apply() with insufficient permission: 
cob: d/city/npc/youke1#99, ob: d/city/npc/youke1#99, function: command_hook, origin: efun, needs: private, has: hidden 
apply() with insufficient permission: 
cob: d/city/npc/youke1#99, ob: d/city/npc/youke1#99, function: command_hook, origin: efun, needs: private, has: hidden 
apply() with insufficient permission: 
cob: d/city/npc/youke1#99, ob: d/city/npc/youke1#99, function: command_hook, origin: efun, needs: private, has: hidden 
apply() with insufficient permission: 
cob: d/city/npc/youke1#99, ob: d/city/npc/youke1#99, function: command_hook, origin: efun, needs: private, has: hidden 
apply() with insufficient permission: 
cob: d/city/npc/youke1#99, ob: d/city/npc/youke1#99, function: command_hook, origin: efun, needs: private, has: hidden 
apply() with insufficient permission: 
cob: d/city/npc/youke1#99, ob: d/city/npc/youke1#99, function: command_hook, origin: efun, needs: private, has: hidden 
apply() with insufficient permission: 
cob: d/city/npc/youke1#99, ob: d/city/npc/youke1#99, function: command_hook, origin: efun, needs: private, has: hidden 
apply() with insufficient permission: 
cob: d/city/npc/youke1#99, ob: d/city/npc/youke1#99, function: command_hook, origin: efun, needs: private, has: hidden 
apply() with insufficient permission: 
cob: d/city/npc/youke1#99, ob: d/city/npc/youke1#99, function: command_hook, origin: efun, needs: private, has: hidden 
